<?xml version="1.0" encoding="UTF-8"?>
<testsuite xmlns:xsi="http://www.w3.org/2001/XMLSchema-instance" xsi:noNamespaceSchemaLocation="https://maven.apache.org/surefire/maven-surefire-plugin/xsd/surefire-test-report.xsd" name="com.mycompany.app.AppTest" time="0.375" tests="1" errors="0" skipped="0" failures="0">
  <properties>
    <property name="awt.toolkit" value="sun.awt.X11.XToolkit"/>
    <property name="java.specification.version" value="12"/>
    <property name="sun.jnu.encoding" value="UTF-8"/>
    <property name="java.class.path" value="/provision/projects/my-app/target/test-classes:/provision/projects/my-app/target/classes:/home/vagrant/.m2/repository/junit/junit/4.11/junit-4.11.jar:/home/vagrant/.m2/repository/org/hamcrest/hamcrest-core/1.3/hamcrest-core-1.3.jar:/home/vagrant/.m2/repository/org/apache/kafka/kafka-clients/2.3.0/kafka-clients-2.3.0.jar:/home/vagrant/.m2/repository/com/github/luben/zstd-jni/1.4.0-1/zstd-jni-1.4.0-1.jar:/home/vagrant/.m2/repository/org/lz4/lz4-java/1.6.0/lz4-java-1.6.0.jar:/home/vagrant/.m2/repository/org/xerial/snappy/snappy-java/1.1.7.3/snappy-java-1.1.7.3.jar:/home/vagrant/.m2/repository/org/slf4j/slf4j-api/1.7.26/slf4j-api-1.7.26.jar:"/>
    <property name="java.vm.vendor" value="Oracle Corporation"/>
    <property name="sun.arch.data.model" value="64"/>
    <property name="java.vendor.url" value="https://openjdk.java.net/"/>
    <property name="os.name" value="Linux"/>
    <property name="java.vm.specification.version" value="12"/>
    <property name="sun.java.launcher" value="SUN_STANDARD"/>
    <property name="user.country" value="US"/>
    <property name="sun.boot.library.path" value="/usr/lib/jvm/java-12-openjdk-12.0.2.9-1.rolling.el7.x86_64/lib"/>
    <property name="sun.java.command" value="/provision/projects/my-app/target/surefire/surefirebooter7319678484841298637.jar /provision/projects/my-app/target/surefire 2019-08-02T14-39-22_201-jvmRun1 surefire18104604950305096886tmp surefire_04040081013759949492tmp"/>
    <property name="jdk.debug" value="release"/>
    <property name="surefire.test.class.path" value="/provision/projects/my-app/target/test-classes:/provision/projects/my-app/target/classes:/home/vagrant/.m2/repository/junit/junit/4.11/junit-4.11.jar:/home/vagrant/.m2/repository/org/hamcrest/hamcrest-core/1.3/hamcrest-core-1.3.jar:/home/vagrant/.m2/repository/org/apache/kafka/kafka-clients/2.3.0/kafka-clients-2.3.0.jar:/home/vagrant/.m2/repository/com/github/luben/zstd-jni/1.4.0-1/zstd-jni-1.4.0-1.jar:/home/vagrant/.m2/repository/org/lz4/lz4-java/1.6.0/lz4-java-1.6.0.jar:/home/vagrant/.m2/repository/org/xerial/snappy/snappy-java/1.1.7.3/snappy-java-1.1.7.3.jar:/home/vagrant/.m2/repository/org/slf4j/slf4j-api/1.7.26/slf4j-api-1.7.26.jar:"/>
    <property name="sun.cpu.endian" value="little"/>
    <property name="user.home" value="/home/vagrant"/>
    <property name="user.language" value="en"/>
    <property name="java.specification.vendor" value="Oracle Corporation"/>
    <property name="java.version.date" value="2019-07-16"/>
    <property name="java.home" value="/usr/lib/jvm/java-12-openjdk-12.0.2.9-1.rolling.el7.x86_64"/>
    <property name="file.separator" value="/"/>
    <property name="basedir" value="/provision/projects/my-app"/>
    <property name="java.vm.compressedOopsMode" value="32-bit"/>
    <property name="line.separator" value="&#10;"/>
    <property name="java.specification.name" value="Java Platform API Specification"/>
    <property name="java.vm.specification.vendor" value="Oracle Corporation"/>
    <property name="java.awt.graphicsenv" value="sun.awt.X11GraphicsEnvironment"/>
    <property name="surefire.real.class.path" value="/provision/projects/my-app/target/surefire/surefirebooter7319678484841298637.jar"/>
    <property name="sun.management.compiler" value="HotSpot 64-Bit Tiered Compilers"/>
    <property name="java.runtime.version" value="12.0.2+9"/>
    <property name="user.name" value="vagrant"/>
    <property name="path.separator" value=":"/>
    <property name="os.version" value="3.10.0-957.5.1.el7.x86_64"/>
    <property name="java.runtime.name" value="OpenJDK Runtime Environment"/>
    <property name="file.encoding" value="UTF-8"/>
    <property name="java.vm.name" value="OpenJDK 64-Bit Server VM"/>
    <property name="java.vendor.version" value="19.3"/>
    <property name="localRepository" value="/home/vagrant/.m2/repository"/>
    <property name="java.vendor.url.bug" value="https://bugreport.java.com/bugreport/"/>
    <property name="java.io.tmpdir" value="/tmp"/>
    <property name="java.version" value="12.0.2"/>
    <property name="user.dir" value="/provision/projects/my-app"/>
    <property name="os.arch" value="amd64"/>
    <property name="java.vm.specification.name" value="Java Virtual Machine Specification"/>
    <property name="java.library.path" value="/usr/java/packages/lib:/usr/lib64:/lib64:/lib:/usr/lib"/>
    <property name="java.vm.info" value="mixed mode, sharing"/>
    <property name="java.vendor" value="N/A"/>
    <property name="java.vm.version" value="12.0.2+9"/>
    <property name="sun.io.unicode.encoding" value="UnicodeLittle"/>
    <property name="java.class.version" value="56.0"/>
  </properties>
  <testcase name="shouldAnswerWithTrue" classname="com.mycompany.app.AppTest" time="0.006"/>
</testsuite>